<?xml version="1.0" encoding="UTF-8"?>
<testsuite xmlns:xsi="http://www.w3.org/2001/XMLSchema-instance" xsi:noNamespaceSchemaLocation="https://maven.apache.org/surefire/maven-surefire-plugin/xsd/surefire-test-report-3.0.xsd" version="3.0" name="com.linsolve.test.SolvingLinearProblemMainSinglePhaseDoublePhaseTest" time="0.204" tests="18" errors="0" skipped="0" failures="0">
  <properties>
    <property name="java.specification.version" value="17"/>
    <property name="sun.cpu.isalist" value="amd64"/>
    <property name="sun.jnu.encoding" value="Cp1252"/>
    <property name="java.class.path" value="C:\Users\user\Desktop\LINSOLVE\LINEAR_PROGRAMMING\eclipse-jee-2023-03-R-win32-x86_64\eclipse\linear_programming_workspace\ExtremumLinearProblemComputing001\target\test-classes;C:\Users\user\Desktop\LINSOLVE\LINEAR_PROGRAMMING\eclipse-jee-2023-03-R-win32-x86_64\eclipse\linear_programming_workspace\ExtremumLinearProblemComputing001\target\classes;C:\Users\user\.m2\repository\org\junit\jupiter\junit-jupiter\5.10.1\junit-jupiter-5.10.1.jar;C:\Users\user\.m2\repository\org\junit\jupiter\junit-jupiter-api\5.10.1\junit-jupiter-api-5.10.1.jar;C:\Users\user\.m2\repository\org\opentest4j\opentest4j\1.3.0\opentest4j-1.3.0.jar;C:\Users\user\.m2\repository\org\junit\platform\junit-platform-commons\1.10.1\junit-platform-commons-1.10.1.jar;C:\Users\user\.m2\repository\org\apiguardian\apiguardian-api\1.1.2\apiguardian-api-1.1.2.jar;C:\Users\user\.m2\repository\org\junit\jupiter\junit-jupiter-params\5.10.1\junit-jupiter-params-5.10.1.jar;C:\Users\user\.m2\repository\org\junit\jupiter\junit-jupiter-engine\5.10.1\junit-jupiter-engine-5.10.1.jar;C:\Users\user\.m2\repository\org\junit\platform\junit-platform-engine\1.10.1\junit-platform-engine-1.10.1.jar;"/>
    <property name="java.vm.vendor" value="Oracle Corporation"/>
    <property name="sun.arch.data.model" value="64"/>
    <property name="user.variant" value=""/>
    <property name="java.vendor.url" value="https://java.oracle.com/"/>
    <property name="user.timezone" value="GMT+01:00"/>
    <property name="os.name" value="Windows 10"/>
    <property name="java.vm.specification.version" value="17"/>
    <property name="sun.java.launcher" value="SUN_STANDARD"/>
    <property name="user.country" value="FR"/>
    <property name="sun.boot.library.path" value="C:\Program Files\Java\jdk-17\bin"/>
    <property name="sun.java.command" value="C:\Users\user\AppData\Local\Temp\surefire3709245641371391397\surefirebooter-20250110062717582_3.jar C:\Users\user\AppData\Local\Temp\surefire3709245641371391397 2025-01-10T06-27-17_254-jvmRun1 surefire-20250110062717582_1tmp surefire_0-20250110062717582_2tmp"/>
    <property name="jdk.debug" value="release"/>
    <property name="surefire.test.class.path" value="C:\Users\user\Desktop\LINSOLVE\LINEAR_PROGRAMMING\eclipse-jee-2023-03-R-win32-x86_64\eclipse\linear_programming_workspace\ExtremumLinearProblemComputing001\target\test-classes;C:\Users\user\Desktop\LINSOLVE\LINEAR_PROGRAMMING\eclipse-jee-2023-03-R-win32-x86_64\eclipse\linear_programming_workspace\ExtremumLinearProblemComputing001\target\classes;C:\Users\user\.m2\repository\org\junit\jupiter\junit-jupiter\5.10.1\junit-jupiter-5.10.1.jar;C:\Users\user\.m2\repository\org\junit\jupiter\junit-jupiter-api\5.10.1\junit-jupiter-api-5.10.1.jar;C:\Users\user\.m2\repository\org\opentest4j\opentest4j\1.3.0\opentest4j-1.3.0.jar;C:\Users\user\.m2\repository\org\junit\platform\junit-platform-commons\1.10.1\junit-platform-commons-1.10.1.jar;C:\Users\user\.m2\repository\org\apiguardian\apiguardian-api\1.1.2\apiguardian-api-1.1.2.jar;C:\Users\user\.m2\repository\org\junit\jupiter\junit-jupiter-params\5.10.1\junit-jupiter-params-5.10.1.jar;C:\Users\user\.m2\repository\org\junit\jupiter\junit-jupiter-engine\5.10.1\junit-jupiter-engine-5.10.1.jar;C:\Users\user\.m2\repository\org\junit\platform\junit-platform-engine\1.10.1\junit-platform-engine-1.10.1.jar;"/>
    <property name="sun.cpu.endian" value="little"/>
    <property name="user.home" value="C:\Users\user"/>
    <property name="user.language" value="fr"/>
    <property name="java.specification.vendor" value="Oracle Corporation"/>
    <property name="java.version.date" value="2024-01-16"/>
    <property name="java.home" value="C:\Program Files\Java\jdk-17"/>
    <property name="file.separator" value="\"/>
    <property name="basedir" value="C:\Users\user\Desktop\LINSOLVE\LINEAR_PROGRAMMING\eclipse-jee-2023-03-R-win32-x86_64\eclipse\linear_programming_workspace\ExtremumLinearProblemComputing001"/>
    <property name="java.vm.compressedOopsMode" value="Zero based"/>
    <property name="line.separator" value="&#10;"/>
    <property name="java.vm.specification.vendor" value="Oracle Corporation"/>
    <property name="java.specification.name" value="Java Platform API Specification"/>
    <property name="surefire.real.class.path" value="C:\Users\user\AppData\Local\Temp\surefire3709245641371391397\surefirebooter-20250110062717582_3.jar"/>
    <property name="user.script" value=""/>
    <property name="sun.management.compiler" value="HotSpot 64-Bit Tiered Compilers"/>
    <property name="java.runtime.version" value="17.0.10+11-LTS-240"/>
    <property name="user.name" value="user"/>
    <property name="path.separator" value=";"/>
    <property name="os.version" value="10.0"/>
    <property name="java.runtime.name" value="Java(TM) SE Runtime Environment"/>
    <property name="file.encoding" value="Cp1252"/>
    <property name="java.vm.name" value="Java HotSpot(TM) 64-Bit Server VM"/>
    <property name="localRepository" value="C:\Users\user\.m2\repository"/>
    <property name="java.vendor.url.bug" value="https://bugreport.java.com/bugreport/"/>
    <property name="java.io.tmpdir" value="C:\Users\user\AppData\Local\Temp\"/>
    <property name="java.version" value="17.0.10"/>
    <property name="user.dir" value="C:\Users\user\Desktop\LINSOLVE\LINEAR_PROGRAMMING\eclipse-jee-2023-03-R-win32-x86_64\eclipse\linear_programming_workspace\ExtremumLinearProblemComputing001"/>
    <property name="os.arch" value="amd64"/>
    <property name="java.vm.specification.name" value="Java Virtual Machine Specification"/>
    <property name="sun.os.patch.level" value=""/>
    <property name="native.encoding" value="Cp1252"/>
    <property name="java.library.path" value="C:\Program Files\Java\jdk-17\bin;C:\Windows\Sun\Java\bin;C:\Windows\system32;C:\Windows;C:\Program Files (x86)\Intel\iCLS Client\;C:\Program Files\Intel\iCLS Client\;C:\Windows\system32;C:\Windows;C:\Windows\System32\Wbem;C:\Windows\System32\WindowsPowerShell\v1.0\;C:\Windows\System32\OpenSSH\;C:\Program Files (x86)\Intel\Intel(R) Management Engine Components\DAL;C:\Program Files\Intel\Intel(R) Management Engine Components\DAL;C:\Program Files (x86)\Intel\Intel(R) Management Engine Components\IPT;C:\Program Files\Intel\Intel(R) Management Engine Components\IPT;C:\Program Files\Git\cmd;C:\Program Files\TortoiseGit\bin;C:\Program Files\Java\jdk-17\bin;C:\apache-maven-3.9.8-bin\apache-maven-3.9.8\bin;C:\Program Files\GitHub CLI\;C:\xampp\php;C:\ProgramData\ComposerSetup\bin;C:\Program Files\nodejs\;C:\Windows\System32;C:\Program Files\MySQL\MySQL Shell 8.0\bin\;C:\Users\user\AppData\Local\Microsoft\WindowsApps;C:\Users\user\AppData\Local\Programs\Microsoft VS Code\bin;C:\Users\user\AppData\Local\Programs\MiKTeX\miktex\bin\x64\;C:\Users\user\Documents\MODEL_SIM\modelsim_ase\win32aloem;C:\Users\user\AppData\Roaming\Composer\vendor\bin;C:\Users\user\AppData\Roaming\npm;."/>
    <property name="java.vm.info" value="mixed mode, sharing"/>
    <property name="java.vendor" value="Oracle Corporation"/>
    <property name="java.vm.version" value="17.0.10+11-LTS-240"/>
    <property name="sun.io.unicode.encoding" value="UnicodeLittle"/>
    <property name="java.class.version" value="61.0"/>
  </properties>
  <testcase name="t_001" classname="com.linsolve.test.SolvingLinearProblemMainSinglePhaseDoublePhaseTest" time="0.003">
    <system-out><![CDATA[
MAXIMIZE

SinglePhase

c_vector


2.0|1.0|

b_vector


10.0|60.0|18.0|44.0|

Initial Matrix


0.0|1.0|
2.0|5.0|
1.0|1.0|
3.0|1.0|
Z Function : 31.0
Var x2 5.0 
Var x3 9.000000000000004 
Var x1 5.0 
Var x0 13.0 
Var x2 5.0 
Var x3 9.000000000000004 
Var x1 5.0 
Var x0 13.0 
]]></system-out>
  </testcase>
  <testcase name="t_002" classname="com.linsolve.test.SolvingLinearProblemMainSinglePhaseDoublePhaseTest" time="0.012">
    <system-out><![CDATA[Input does not match the required pattern.

MAXIMIZE

SinglePhase

c_vector


10.0|20.0|

b_vector


15.0|12.0|45.0|

Initial Matrix


-1.0|2.0|
1.0|1.0|
5.0|3.0|
Z Function : 210.0
Var x1 9.0 
Var x0 3.0 
Var x4 3.0 
Var x1 9.0 
Var x0 3.0 
Var x4 3.0 
]]></system-out>
  </testcase>
  <testcase name="t_003" classname="com.linsolve.test.SolvingLinearProblemMainSinglePhaseDoublePhaseTest" time="0.005">
    <system-out><![CDATA[Input does not match the required pattern.
Input does not match the required pattern.
Input does not match the required pattern.
Input does not match the required pattern.

MINIMIZE

SinglePhase

c_vector


3.0|-6.0|

b_vector


1.0|0.0|1.0|13.0|23.0|

Initial Matrix


-1.0|-2.0|
-2.0|-1.0|
-1.0|1.0|
-1.0|4.0|
4.0|-1.0|
Z Function : -15.0
Var x2 12.0 
Var x3 10.0 
Var x1 4.0 
Var x0 3.0 
Var x6 15.0 
Var x2 12.0 
Var x3 10.0 
Var x1 4.0 
Var x0 3.0 
Var x6 15.0 
]]></system-out>
  </testcase>
  <testcase name="t_004" classname="com.linsolve.test.SolvingLinearProblemMainSinglePhaseDoublePhaseTest" time="0.002">
    <system-out><![CDATA[
MAXIMIZE

SinglePhase

c_vector


500.0|300.0|

b_vector


300.0|240.0|450.0|

Initial Matrix


15.0|5.0|
10.0|6.0|
8.0|12.0|
Z Function : 12000.0
Var x0 15.0 
Var x1 14.999999999999998 
Var x4 150.0 
Var x0 15.0 
Var x1 14.999999999999998 
Var x4 150.0 
]]></system-out>
  </testcase>
  <testcase name="t_005" classname="com.linsolve.test.SolvingLinearProblemMainSinglePhaseDoublePhaseTest" time="0.012">
    <system-out><![CDATA[Input does not match the required pattern.

MAXIMIZE

DoublePhase

c_vector


5.0|7.0|

b_vector


-1.0|-1.0|

Initial Matrix


-2.0|1.0|
1.0|-2.0|
Z Function : 0.0
Var x4 1.0 
Var x5 1.0 
Var x4 1.0 
Var x5 1.0 
]]></system-out>
  </testcase>
  <testcase name="t_006" classname="com.linsolve.test.SolvingLinearProblemMainSinglePhaseDoublePhaseTest" time="0.01">
    <system-out><![CDATA[
MAXIMIZE

DoublePhase

c_vector


15.0|20.0|

b_vector


-10.0|6.0|-6.0|

Initial Matrix


1.0|2.0|
2.0|-3.0|
1.0|1.0|
Z Function : 110.0
Var x1 4.0 
Var x5 14.0 
Var x0 2.0 
Var x1 4.0 
Var x5 14.0 
Var x0 2.0 
]]></system-out>
  </testcase>
  <testcase name="t_007" classname="com.linsolve.test.SolvingLinearProblemMainSinglePhaseDoublePhaseTest" time="0.01">
    <system-out><![CDATA[
MINIMIZE

DoublePhase

c_vector


3.0|2.0|

b_vector


-12.0|-8.0|12.0|12.0|

Initial Matrix


2.0|3.0|
2.0|1.0|
1.0|2.0|
2.0|3.0|

|2.0|3.0|-1.0|0.0|1.0|0.0|0.0|0.0|12.0|
|2.0|1.0|0.0|-1.0|0.0|1.0|0.0|0.0|8.0|
|1.0|2.0|0.0|0.0|0.0|0.0|1.0|0.0|12.0|
|2.0|3.0|0.0|0.0|0.0|0.0|0.0|1.0|12.0|
Z Function : 13.0
Var x1 2.0 
Var x0 3.0 
Var x4 5.0 
Var x7 0.0 
Var x1 2.0 
Var x0 3.0 
Var x4 5.0 
Var x7 0.0 
]]></system-out>
  </testcase>
  <testcase name="t_008" classname="com.linsolve.test.SolvingLinearProblemMainSinglePhaseDoublePhaseTest" time="0.003">
    <system-out><![CDATA[
MINIMIZE

DoublePhase

c_vector


40.0|50.0|

b_vector


-30.0|-12.0|-20.0|

Initial Matrix


2.0|3.0|
1.0|1.0|
2.0|1.0|

|2.0|3.0|-1.0|0.0|0.0|1.0|0.0|0.0|30.0|
|1.0|1.0|0.0|-1.0|0.0|0.0|1.0|0.0|12.0|
|2.0|1.0|0.0|0.0|-1.0|0.0|0.0|1.0|20.0|
Z Function : 550.0
Var x3 0.5 
Var x1 5.0 
Var x0 7.5 
Var x3 0.5 
Var x1 5.0 
Var x0 7.5 
]]></system-out>
  </testcase>
  <testcase name="t_009" classname="com.linsolve.test.SolvingLinearProblemMainSinglePhaseDoublePhaseTest" time="0.002">
    <system-out><![CDATA[
MAXIMIZE

SinglePhase

c_vector


1.0|2.0|

b_vector


2.0|2.0|3.0|

Initial Matrix


1.0|0.0|
0.0|1.0|
1.0|1.0|
Z Function : 5.0
Var x2 1.0 
Var x1 2.0 
Var x0 1.0 
Var x2 1.0 
Var x1 2.0 
Var x0 1.0 
]]></system-out>
  </testcase>
  <testcase name="t_010" classname="com.linsolve.test.SolvingLinearProblemMainSinglePhaseDoublePhaseTest" time="0.004">
    <system-out><![CDATA[
MAXIMIZE

SinglePhase

c_vector


3.0|2.0|

b_vector


6.0|6.0|

Initial Matrix


2.0|1.0|
1.0|2.0|
Z Function : 10.0
Var x0 2.0 
Var x1 2.0 
Var x0 2.0 
Var x1 2.0 
]]></system-out>
  </testcase>
  <testcase name="t_011" classname="com.linsolve.test.SolvingLinearProblemMainSinglePhaseDoublePhaseTest" time="0.001">
    <system-out><![CDATA[
MAXIMIZE

SinglePhase

c_vector


1.0|2.0|

b_vector


8.0|4.0|

Initial Matrix


1.0|3.0|
1.0|1.0|
Z Function : 6.0
Var x1 2.0 
Var x0 2.0 
Var x1 2.0 
Var x0 2.0 
]]></system-out>
  </testcase>
  <testcase name="t_012" classname="com.linsolve.test.SolvingLinearProblemMainSinglePhaseDoublePhaseTest" time="0.01">
    <system-out><![CDATA[
MAXIMIZE

SinglePhase

c_vector


3.0|2.0|

b_vector


4.0|15.0|10.0|

Initial Matrix


1.0|0.0|
1.0|3.0|
2.0|1.0|
Z Function : 17.0
Var x0 3.0 
Var x2 1.0 
Var x1 4.0 
Var x0 3.0 
Var x2 1.0 
Var x1 4.0 
]]></system-out>
  </testcase>
  <testcase name="t_013" classname="com.linsolve.test.SolvingLinearProblemMainSinglePhaseDoublePhaseTest" time="0.005">
    <system-out><![CDATA[Input does not match the required pattern.
Input does not match the required pattern.

MAXIMIZE

SinglePhase

c_vector


2.0|3.0|

b_vector


1.0|20.0|10.0|5.0|

Initial Matrix


-3.0|1.0|
4.0|2.0|
4.0|-1.0|
-1.0|2.0|
Z Function : 18.000000000000004
Var x1 4.000000000000001 
Var x2 6.0 
Var x4 2.0000000000000018 
Var x0 3.0000000000000004 
Var x1 4.000000000000001 
Var x2 6.0 
Var x4 2.0000000000000018 
Var x0 3.0000000000000004 
]]></system-out>
  </testcase>
  <testcase name="t_014" classname="com.linsolve.test.SolvingLinearProblemMainSinglePhaseDoublePhaseTest" time="0.005">
    <system-out><![CDATA[
MINIMIZE

DoublePhase

c_vector


5.0|7.0|

b_vector


-42.0|-60.0|-18.0|

Initial Matrix


2.0|3.0|
3.0|4.0|
1.0|1.0|

|2.0|3.0|-1.0|0.0|0.0|1.0|0.0|0.0|42.0|
|3.0|4.0|0.0|-1.0|0.0|0.0|1.0|0.0|60.0|
|1.0|1.0|0.0|0.0|-1.0|0.0|0.0|1.0|18.0|
Z Function : 102.0
Var x1 6.000000000000001 
Var x0 11.999999999999998 
Var x3 1.3322676295501882E-15 
Var x1 6.000000000000001 
Var x0 11.999999999999998 
Var x3 1.3322676295501882E-15 
]]></system-out>
  </testcase>
  <testcase name="t_015" classname="com.linsolve.test.SolvingLinearProblemMainSinglePhaseDoublePhaseTest" time="0.006">
    <system-out><![CDATA[
MINIMIZE

DoublePhase

c_vector


3.0|2.0|4.0|

b_vector


-120.0|-60.0|60.0|

Initial Matrix


3.0|3.0|5.0|
2.0|1.0|3.0|
2.0|1.0|3.0|

|3.0|3.0|5.0|-1.0|0.0|1.0|0.0|0.0|120.0|
|2.0|1.0|3.0|0.0|-1.0|0.0|1.0|0.0|60.0|
|2.0|1.0|3.0|0.0|0.0|0.0|0.0|1.0|60.0|
Z Function : 90.0
Var x1 14.999999999999998 
Var x2 15.0 
Var x5 0.0 
Var x1 14.999999999999998 
Var x2 15.0 
Var x5 0.0 
]]></system-out>
  </testcase>
  <testcase name="t_016" classname="com.linsolve.test.SolvingLinearProblemMainSinglePhaseDoublePhaseTest" time="0.004">
    <system-out><![CDATA[Input does not match the required pattern.
Input does not match the required pattern.

MINIMIZE

DoublePhase

c_vector


3.0|2.0|7.0|

b_vector


-10.0|-10.0|10.0|

Initial Matrix


-1.0|1.0|0.0|
2.0|-1.0|1.0|
-1.0|1.0|0.0|

|-1.0|1.0|0.0|-1.0|0.0|1.0|0.0|0.0|10.0|
|2.0|-1.0|1.0|0.0|-1.0|0.0|1.0|0.0|10.0|
|-1.0|1.0|0.0|0.0|0.0|0.0|0.0|1.0|10.0|
Z Function : 120.0
Var x1 30.0 
Var x0 20.0 
Var x7 0.0 
Var x1 30.0 
Var x0 20.0 
Var x7 0.0 
]]></system-out>
  </testcase>
  <testcase name="t_017" classname="com.linsolve.test.SolvingLinearProblemMainSinglePhaseDoublePhaseTest" time="0.003">
    <system-out><![CDATA[
MINIMIZE

DoublePhase

c_vector


3.0|2.0|1.0|

b_vector


-10.0|-7.0|7.0|

Initial Matrix


3.0|1.0|1.0|
1.0|1.0|0.0|
1.0|1.0|0.0|

|3.0|1.0|1.0|-1.0|0.0|1.0|0.0|0.0|10.0|
|1.0|1.0|0.0|0.0|-1.0|0.0|1.0|0.0|7.0|
|1.0|1.0|0.0|0.0|0.0|0.0|0.0|1.0|7.0|
Z Function : 15.5
Var x0 1.5000000000000004 
Var x1 5.499999999999999 
Var x7 0.0 
Var x0 1.5000000000000004 
Var x1 5.499999999999999 
Var x7 0.0 
]]></system-out>
  </testcase>
  <testcase name="t_018" classname="com.linsolve.test.SolvingLinearProblemMainSinglePhaseDoublePhaseTest" time="0.003">
    <system-out><![CDATA[Input does not match the required pattern.

MINIMIZE

DoublePhase

c_vector


2.0|3.0|1.0|

b_vector


-8.0|-6.0|

Initial Matrix


-1.0|4.0|2.0|
3.0|2.0|0.0|

|-1.0|4.0|2.0|-1.0|0.0|1.0|0.0|8.0|
|3.0|2.0|0.0|0.0|-1.0|0.0|1.0|6.0|
Z Function : 7.571428571428571
Var x1 2.142857142857143 
Var x0 0.5714285714285714 
Var x1 2.142857142857143 
Var x0 0.5714285714285714 
]]></system-out>
  </testcase>
</testsuite>