<?xml version="1.0" encoding="UTF-8"?>
<testsuite xmlns:xsi="http://www.w3.org/2001/XMLSchema-instance" xsi:noNamespaceSchemaLocation="https://maven.apache.org/surefire/maven-surefire-plugin/xsd/surefire-test-report-3.0.xsd" version="3.0" name="com.linsolve.test.SolvingLexicalLinearProblemMainTest" time="0.607" tests="35" errors="0" skipped="0" failures="0">
  <properties>
    <property name="java.specification.version" value="17"/>
    <property name="sun.cpu.isalist" value="amd64"/>
    <property name="sun.jnu.encoding" value="Cp1252"/>
    <property name="java.class.path" value="C:\Users\user\Desktop\LINSOLVE\LINEAR_PROGRAMMING\eclipse-jee-2023-03-R-win32-x86_64\eclipse\linear_programming_workspace\ExtremumLinearProblemComputing001\target\test-classes;C:\Users\user\Desktop\LINSOLVE\LINEAR_PROGRAMMING\eclipse-jee-2023-03-R-win32-x86_64\eclipse\linear_programming_workspace\ExtremumLinearProblemComputing001\target\classes;C:\Users\user\.m2\repository\org\junit\jupiter\junit-jupiter\5.10.1\junit-jupiter-5.10.1.jar;C:\Users\user\.m2\repository\org\junit\jupiter\junit-jupiter-api\5.10.1\junit-jupiter-api-5.10.1.jar;C:\Users\user\.m2\repository\org\opentest4j\opentest4j\1.3.0\opentest4j-1.3.0.jar;C:\Users\user\.m2\repository\org\junit\platform\junit-platform-commons\1.10.1\junit-platform-commons-1.10.1.jar;C:\Users\user\.m2\repository\org\apiguardian\apiguardian-api\1.1.2\apiguardian-api-1.1.2.jar;C:\Users\user\.m2\repository\org\junit\jupiter\junit-jupiter-params\5.10.1\junit-jupiter-params-5.10.1.jar;C:\Users\user\.m2\repository\org\junit\jupiter\junit-jupiter-engine\5.10.1\junit-jupiter-engine-5.10.1.jar;C:\Users\user\.m2\repository\org\junit\platform\junit-platform-engine\1.10.1\junit-platform-engine-1.10.1.jar;"/>
    <property name="java.vm.vendor" value="Oracle Corporation"/>
    <property name="sun.arch.data.model" value="64"/>
    <property name="user.variant" value=""/>
    <property name="java.vendor.url" value="https://java.oracle.com/"/>
    <property name="user.timezone" value="GMT+01:00"/>
    <property name="os.name" value="Windows 10"/>
    <property name="java.vm.specification.version" value="17"/>
    <property name="sun.java.launcher" value="SUN_STANDARD"/>
    <property name="user.country" value="FR"/>
    <property name="sun.boot.library.path" value="C:\Program Files\Java\jdk-17\bin"/>
    <property name="sun.java.command" value="C:\Users\user\AppData\Local\Temp\surefire3709245641371391397\surefirebooter-20250110062717582_3.jar C:\Users\user\AppData\Local\Temp\surefire3709245641371391397 2025-01-10T06-27-17_254-jvmRun1 surefire-20250110062717582_1tmp surefire_0-20250110062717582_2tmp"/>
    <property name="jdk.debug" value="release"/>
    <property name="surefire.test.class.path" value="C:\Users\user\Desktop\LINSOLVE\LINEAR_PROGRAMMING\eclipse-jee-2023-03-R-win32-x86_64\eclipse\linear_programming_workspace\ExtremumLinearProblemComputing001\target\test-classes;C:\Users\user\Desktop\LINSOLVE\LINEAR_PROGRAMMING\eclipse-jee-2023-03-R-win32-x86_64\eclipse\linear_programming_workspace\ExtremumLinearProblemComputing001\target\classes;C:\Users\user\.m2\repository\org\junit\jupiter\junit-jupiter\5.10.1\junit-jupiter-5.10.1.jar;C:\Users\user\.m2\repository\org\junit\jupiter\junit-jupiter-api\5.10.1\junit-jupiter-api-5.10.1.jar;C:\Users\user\.m2\repository\org\opentest4j\opentest4j\1.3.0\opentest4j-1.3.0.jar;C:\Users\user\.m2\repository\org\junit\platform\junit-platform-commons\1.10.1\junit-platform-commons-1.10.1.jar;C:\Users\user\.m2\repository\org\apiguardian\apiguardian-api\1.1.2\apiguardian-api-1.1.2.jar;C:\Users\user\.m2\repository\org\junit\jupiter\junit-jupiter-params\5.10.1\junit-jupiter-params-5.10.1.jar;C:\Users\user\.m2\repository\org\junit\jupiter\junit-jupiter-engine\5.10.1\junit-jupiter-engine-5.10.1.jar;C:\Users\user\.m2\repository\org\junit\platform\junit-platform-engine\1.10.1\junit-platform-engine-1.10.1.jar;"/>
    <property name="sun.cpu.endian" value="little"/>
    <property name="user.home" value="C:\Users\user"/>
    <property name="user.language" value="fr"/>
    <property name="java.specification.vendor" value="Oracle Corporation"/>
    <property name="java.version.date" value="2024-01-16"/>
    <property name="java.home" value="C:\Program Files\Java\jdk-17"/>
    <property name="file.separator" value="\"/>
    <property name="basedir" value="C:\Users\user\Desktop\LINSOLVE\LINEAR_PROGRAMMING\eclipse-jee-2023-03-R-win32-x86_64\eclipse\linear_programming_workspace\ExtremumLinearProblemComputing001"/>
    <property name="java.vm.compressedOopsMode" value="Zero based"/>
    <property name="line.separator" value="&#10;"/>
    <property name="java.vm.specification.vendor" value="Oracle Corporation"/>
    <property name="java.specification.name" value="Java Platform API Specification"/>
    <property name="surefire.real.class.path" value="C:\Users\user\AppData\Local\Temp\surefire3709245641371391397\surefirebooter-20250110062717582_3.jar"/>
    <property name="user.script" value=""/>
    <property name="sun.management.compiler" value="HotSpot 64-Bit Tiered Compilers"/>
    <property name="java.runtime.version" value="17.0.10+11-LTS-240"/>
    <property name="user.name" value="user"/>
    <property name="path.separator" value=";"/>
    <property name="os.version" value="10.0"/>
    <property name="java.runtime.name" value="Java(TM) SE Runtime Environment"/>
    <property name="file.encoding" value="Cp1252"/>
    <property name="java.vm.name" value="Java HotSpot(TM) 64-Bit Server VM"/>
    <property name="localRepository" value="C:\Users\user\.m2\repository"/>
    <property name="java.vendor.url.bug" value="https://bugreport.java.com/bugreport/"/>
    <property name="java.io.tmpdir" value="C:\Users\user\AppData\Local\Temp\"/>
    <property name="java.version" value="17.0.10"/>
    <property name="user.dir" value="C:\Users\user\Desktop\LINSOLVE\LINEAR_PROGRAMMING\eclipse-jee-2023-03-R-win32-x86_64\eclipse\linear_programming_workspace\ExtremumLinearProblemComputing001"/>
    <property name="os.arch" value="amd64"/>
    <property name="java.vm.specification.name" value="Java Virtual Machine Specification"/>
    <property name="sun.os.patch.level" value=""/>
    <property name="native.encoding" value="Cp1252"/>
    <property name="java.library.path" value="C:\Program Files\Java\jdk-17\bin;C:\Windows\Sun\Java\bin;C:\Windows\system32;C:\Windows;C:\Program Files (x86)\Intel\iCLS Client\;C:\Program Files\Intel\iCLS Client\;C:\Windows\system32;C:\Windows;C:\Windows\System32\Wbem;C:\Windows\System32\WindowsPowerShell\v1.0\;C:\Windows\System32\OpenSSH\;C:\Program Files (x86)\Intel\Intel(R) Management Engine Components\DAL;C:\Program Files\Intel\Intel(R) Management Engine Components\DAL;C:\Program Files (x86)\Intel\Intel(R) Management Engine Components\IPT;C:\Program Files\Intel\Intel(R) Management Engine Components\IPT;C:\Program Files\Git\cmd;C:\Program Files\TortoiseGit\bin;C:\Program Files\Java\jdk-17\bin;C:\apache-maven-3.9.8-bin\apache-maven-3.9.8\bin;C:\Program Files\GitHub CLI\;C:\xampp\php;C:\ProgramData\ComposerSetup\bin;C:\Program Files\nodejs\;C:\Windows\System32;C:\Program Files\MySQL\MySQL Shell 8.0\bin\;C:\Users\user\AppData\Local\Microsoft\WindowsApps;C:\Users\user\AppData\Local\Programs\Microsoft VS Code\bin;C:\Users\user\AppData\Local\Programs\MiKTeX\miktex\bin\x64\;C:\Users\user\Documents\MODEL_SIM\modelsim_ase\win32aloem;C:\Users\user\AppData\Roaming\Composer\vendor\bin;C:\Users\user\AppData\Roaming\npm;."/>
    <property name="java.vm.info" value="mixed mode, sharing"/>
    <property name="java.vendor" value="Oracle Corporation"/>
    <property name="java.vm.version" value="17.0.10+11-LTS-240"/>
    <property name="sun.io.unicode.encoding" value="UnicodeLittle"/>
    <property name="java.class.version" value="61.0"/>
  </properties>
  <testcase name="t_001" classname="com.linsolve.test.SolvingLexicalLinearProblemMainTest" time="0.233">
    <system-out><![CDATA[
MAXIMIZE

SinglePhase

c_vector


7.0|4.0|

b_vector


20.0|50.0|60.0|25.0|

Initial Matrix


0.0|1.0|
1.0|3.0|
4.0|2.0|
1.0|0.0|
Z Function : 112.0
Var x2 6.0 
Var x1 14.0 
Var x0 8.0 
Var x5 17.0 
Var x2 6.0 
Var x1 14.0 
Var x0 8.0 
Var x5 17.0 
]]></system-out>
  </testcase>
  <testcase name="t_002" classname="com.linsolve.test.SolvingLexicalLinearProblemMainTest" time="0.011">
    <system-out><![CDATA[
MAXIMIZE

SinglePhase

c_vector


2.0|1.0|

b_vector


10.0|60.0|18.0|44.0|

Initial Matrix


0.0|1.0|
2.0|5.0|
1.0|1.0|
3.0|1.0|
Z Function : 31.0
Var x2 5.0 
Var x3 9.000000000000004 
Var x1 5.0 
Var x0 13.0 
Var x2 5.0 
Var x3 9.000000000000004 
Var x1 5.0 
Var x0 13.0 
]]></system-out>
  </testcase>
  <testcase name="t_003" classname="com.linsolve.test.SolvingLexicalLinearProblemMainTest" time="0.009">
    <system-out><![CDATA[
MAXIMIZE

SinglePhase

c_vector


4.0|3.0|

b_vector


12.0|30.0|50.0|20.0|

Initial Matrix


1.0|0.0|
3.0|1.0|
2.0|5.0|
1.0|1.0|
Z Function : 51.53846153846154
Var x2 4.3076923076923075 
Var x0 7.6923076923076925 
Var x1 6.923076923076923 
Var x5 5.384615384615384 
Var x2 4.3076923076923075 
Var x0 7.6923076923076925 
Var x1 6.923076923076923 
Var x5 5.384615384615384 
]]></system-out>
  </testcase>
  <testcase name="t_004" classname="com.linsolve.test.SolvingLexicalLinearProblemMainTest" time="0.014">
    <system-out><![CDATA[
MAXIMIZE

SinglePhase

c_vector


3.0|4.0|

b_vector


20.0|50.0|60.0|30.0|

Initial Matrix


0.0|1.0|
1.0|3.0|
4.0|2.0|
2.0|1.0|
Z Function : 80.0
Var x2 5.999999999999998 
Var x1 14.000000000000002 
Var x4 0.0 
Var x0 7.999999999999999 
Var x2 5.999999999999998 
Var x1 14.000000000000002 
Var x4 0.0 
Var x0 7.999999999999999 
]]></system-out>
  </testcase>
  <testcase name="t_005" classname="com.linsolve.test.SolvingLexicalLinearProblemMainTest" time="0.017">
    <system-out><![CDATA[
MINIMIZE

SinglePhase

c_vector


3.0|5.0|

b_vector


10.0|50.0|25.0|15.0|

Initial Matrix


1.0|0.0|
2.0|4.0|
3.0|1.0|
0.0|1.0|
Z Function : 0.0
Var x2 10.0 
Var x3 50.0 
Var x4 25.0 
Var x5 15.0 
Var x2 10.0 
Var x3 50.0 
Var x4 25.0 
Var x5 15.0 
]]></system-out>
  </testcase>
  <testcase name="t_006" classname="com.linsolve.test.SolvingLexicalLinearProblemMainTest" time="0.011">
    <system-out><![CDATA[
MAXIMIZE

SinglePhase

c_vector


2.0|3.0|

b_vector


12.0|35.0|60.0|10.0|

Initial Matrix


1.0|0.0|
3.0|1.0|
2.0|5.0|
0.0|1.0|
Z Function : 43.07692307692308
Var x2 3.1538461538461537 
Var x5 1.5384615384615385 
Var x0 8.846153846153847 
Var x1 8.461538461538462 
Var x2 3.1538461538461537 
Var x5 1.5384615384615385 
Var x0 8.846153846153847 
Var x1 8.461538461538462 
]]></system-out>
  </testcase>
  <testcase name="t_007" classname="com.linsolve.test.SolvingLexicalLinearProblemMainTest" time="0.017">
    <system-out><![CDATA[
MINIMIZE

SinglePhase

c_vector


1.0|1.0|

b_vector


20.0|25.0|40.0|15.0|

Initial Matrix


1.0|2.0|
3.0|1.0|
1.0|4.0|
0.0|1.0|
Z Function : 0.0
Var x2 20.0 
Var x3 25.0 
Var x4 40.0 
Var x5 15.0 
Var x2 20.0 
Var x3 25.0 
Var x4 40.0 
Var x5 15.0 
]]></system-out>
  </testcase>
  <testcase name="t_008" classname="com.linsolve.test.SolvingLexicalLinearProblemMainTest" time="0.009">
    <system-out><![CDATA[
MAXIMIZE

SinglePhase

c_vector


6.0|2.0|

b_vector


15.0|10.0|45.0|30.0|

Initial Matrix


1.0|0.0|
0.0|1.0|
3.0|2.0|
2.0|1.0|
Z Function : 90.0
Var x2 0.0 
Var x3 10.0 
Var x4 0.0 
Var x0 15.0 
Var x2 0.0 
Var x3 10.0 
Var x4 0.0 
Var x0 15.0 
]]></system-out>
  </testcase>
  <testcase name="t_009" classname="com.linsolve.test.SolvingLexicalLinearProblemMainTest" time="0.042">
    <system-out><![CDATA[
MAXIMIZE

SinglePhase

c_vector


7.0|4.0|

b_vector


20.0|50.0|60.0|25.0|

Initial Matrix


0.0|1.0|
1.0|3.0|
4.0|2.0|
1.0|0.0|
Z Function : 112.0
Var x2 6.0 
Var x1 14.0 
Var x0 8.0 
Var x5 17.0 
Var x2 6.0 
Var x1 14.0 
Var x0 8.0 
Var x5 17.0 
]]></system-out>
  </testcase>
  <testcase name="t_010" classname="com.linsolve.test.SolvingLexicalLinearProblemMainTest" time="0.005">
    <system-out><![CDATA[
MINIMIZE

SinglePhase

c_vector


4.0|6.0|

b_vector


30.0|50.0|80.0|20.0|

Initial Matrix


1.0|1.0|
3.0|1.0|
2.0|4.0|
1.0|0.0|
Z Function : 0.0
Var x2 30.0 
Var x3 50.0 
Var x4 80.0 
Var x5 20.0 
Var x2 30.0 
Var x3 50.0 
Var x4 80.0 
Var x5 20.0 
]]></system-out>
  </testcase>
  <testcase name="t_011" classname="com.linsolve.test.SolvingLexicalLinearProblemMainTest" time="0.004">
    <system-out><![CDATA[
MAXIMIZE

SinglePhase

c_vector


5.0|3.0|

b_vector


18.0|14.0|45.0|65.0|

Initial Matrix


1.0|0.0|
0.0|1.0|
3.0|1.0|
2.0|5.0|
Z Function : 85.76923076923077
Var x2 5.692307692307692 
Var x3 5.923076923076923 
Var x0 12.307692307692308 
Var x1 8.076923076923077 
Var x2 5.692307692307692 
Var x3 5.923076923076923 
Var x0 12.307692307692308 
Var x1 8.076923076923077 
]]></system-out>
  </testcase>
  <testcase name="t_012" classname="com.linsolve.test.SolvingLexicalLinearProblemMainTest" time="0.004">
    <system-out><![CDATA[
MINIMIZE

SinglePhase

c_vector


3.0|1.0|

b_vector


12.0|50.0|20.0|35.0|

Initial Matrix


0.0|1.0|
2.0|5.0|
1.0|1.0|
3.0|1.0|
Z Function : 0.0
Var x2 12.0 
Var x3 50.0 
Var x4 20.0 
Var x5 35.0 
Var x2 12.0 
Var x3 50.0 
Var x4 20.0 
Var x5 35.0 
]]></system-out>
  </testcase>
  <testcase name="t_013" classname="com.linsolve.test.SolvingLexicalLinearProblemMainTest" time="0.004">
    <system-out><![CDATA[Error : Objective Function Extremum not recognized !
Error : Objective Function Variable not recognized !
Input does not match the required pattern.
Error: Error : Objective Function Expression Malformation !
]]></system-out>
  </testcase>
  <testcase name="t_014" classname="com.linsolve.test.SolvingLexicalLinearProblemMainTest" time="0.002">
    <system-out><![CDATA[Error : Objective Function Extremum not recognized !
Error : Objective Function Variable not recognized !
Input does not match the required pattern.
Error: Error : Objective Function Expression Malformation !
]]></system-out>
  </testcase>
  <testcase name="t_015" classname="com.linsolve.test.SolvingLexicalLinearProblemMainTest" time="0.001">
    <system-out><![CDATA[Input does not match the required pattern.
Error: Error : Objective Function Expression Malformation !
]]></system-out>
  </testcase>
  <testcase name="t_016" classname="com.linsolve.test.SolvingLexicalLinearProblemMainTest" time="0.001">
    <system-out><![CDATA[Input does not match the required pattern.
Error: Error : Objective Function Expression Malformation !
]]></system-out>
  </testcase>
  <testcase name="t_017" classname="com.linsolve.test.SolvingLexicalLinearProblemMainTest" time="0.009">
    <system-out><![CDATA[Error : Objective Function Variable not recognized !
Input does not match the required pattern.
Error: Error : Objective Function Expression Malformation !
Input does not match the required pattern.
Error: Error : Objective Function Expression Malformation !
]]></system-out>
  </testcase>
  <testcase name="t_018" classname="com.linsolve.test.SolvingLexicalLinearProblemMainTest" time="0.001">
    <system-out><![CDATA[Input does not match the required pattern.
Error: Error : Objective Function Expression Malformation !
]]></system-out>
  </testcase>
  <testcase name="t_019" classname="com.linsolve.test.SolvingLexicalLinearProblemMainTest" time="0.003">
    <system-out><![CDATA[Input does not match the required pattern.
Error: Error : Objective Function Expression Malformation !
]]></system-out>
  </testcase>
  <testcase name="t_020" classname="com.linsolve.test.SolvingLexicalLinearProblemMainTest" time="0.001">
    <system-out><![CDATA[Error : Objective Function Variable not recognized !
Input does not match the required pattern.
Error: Error : Objective Function Expression Malformation !
]]></system-out>
  </testcase>
  <testcase name="t_021" classname="com.linsolve.test.SolvingLexicalLinearProblemMainTest" time="0.002">
    <system-out><![CDATA[Input does not match the required pattern.
Error: Error : Objective Function Expression Malformation !
]]></system-out>
  </testcase>
  <testcase name="t_022" classname="com.linsolve.test.SolvingLexicalLinearProblemMainTest" time="0.002">
    <system-out><![CDATA[Input does not match the required pattern.
Error: Error : Objective Function Expression Malformation !
]]></system-out>
  </testcase>
  <testcase name="t_023" classname="com.linsolve.test.SolvingLexicalLinearProblemMainTest" time="0.007">
    <system-out><![CDATA[Input does not match the required pattern.
2x+5x2<=60	2x	Error : Constraint Malformation !
]]></system-out>
  </testcase>
  <testcase name="t_024" classname="com.linsolve.test.SolvingLexicalLinearProblemMainTest" time="0.003">
    <system-out><![CDATA[Input does not match the required pattern.
2x15x2<=60	2x15x2	Error : Constraint Malformation !
]]></system-out>
  </testcase>
  <testcase name="t_025" classname="com.linsolve.test.SolvingLexicalLinearProblemMainTest" time="0.002">
    <system-out><![CDATA[Input does not match the required pattern.
2x1++5x2<=60		Error : Constraint Malformation !
]]></system-out>
  </testcase>
  <testcase name="t_026" classname="com.linsolve.test.SolvingLexicalLinearProblemMainTest" time="0.002">
    <system-out><![CDATA[2x15x260 Error: Constraint Malformation could not Recognize Comparing Operator !
]]></system-out>
  </testcase>
  <testcase name="t_027" classname="com.linsolve.test.SolvingLexicalLinearProblemMainTest" time="0.002">
    <system-out><![CDATA[2x1+5x2=>60 Error: Constraint Malformation could not Recognize Comparing Operator !
]]></system-out>
  </testcase>
  <testcase name="t_028" classname="com.linsolve.test.SolvingLexicalLinearProblemMainTest" time="0.009">
    <system-out><![CDATA[2x1+5x2==60 Error : Constraint Malformation Comparing Operator Redunduncy or = Symbol Redunduncy
]]></system-out>
  </testcase>
  <testcase name="t_029" classname="com.linsolve.test.SolvingLexicalLinearProblemMainTest" time="0.003">
    <system-out><![CDATA[x1+5x2<= Error : Constraint Malformation Right Member does not exist or does not match Double Format Number !
]]></system-out>
  </testcase>
  <testcase name="t_030" classname="com.linsolve.test.SolvingLexicalLinearProblemMainTest" time="0.005">
    <system-out><![CDATA[Invalid number format: 'sixty' is not a valid number.
]]></system-out>
  </testcase>
  <testcase name="t_031" classname="com.linsolve.test.SolvingLexicalLinearProblemMainTest" time="0.002">
    <system-out><![CDATA[2x1+5x2â‰¤60# Error: Constraint Malformation could not Recognize Comparing Operator !
x1+x2â‰¤18 Error: Constraint Malformation could not Recognize Comparing Operator !
3x1+x2â‰¤44 Error: Constraint Malformation could not Recognize Comparing Operator !
]]></system-out>
  </testcase>
  <testcase name="t_032" classname="com.linsolve.test.SolvingLexicalLinearProblemMainTest" time="0.002">
    <system-out><![CDATA[2x1+5x2â‰¤@60 Error: Constraint Malformation could not Recognize Comparing Operator !
x1+x2â‰¤18 Error: Constraint Malformation could not Recognize Comparing Operator !
3x1+x2â‰¤44 Error: Constraint Malformation could not Recognize Comparing Operator !
]]></system-out>
  </testcase>
  <testcase name="t_033" classname="com.linsolve.test.SolvingLexicalLinearProblemMainTest" time="0.002">
    <system-out><![CDATA[Invalid number format: '--60' is not a valid number.
]]></system-out>
  </testcase>
  <testcase name="t_034" classname="com.linsolve.test.SolvingLexicalLinearProblemMainTest" time="0.001">
    <system-out><![CDATA[Input does not match the required pattern.
(2x1+5x2<=60	(2x1	Error : Constraint Malformation !
]]></system-out>
  </testcase>
  <testcase name="t_035" classname="com.linsolve.test.SolvingLexicalLinearProblemMainTest" time="0.001">
    <system-out><![CDATA[Input does not match the required pattern.
2x1+bx2<=60	bx2	Error : Constraint Malformation !
]]></system-out>
  </testcase>
</testsuite>